Arguments: 
  C:\Program Files\nodejs\node.exe E:\Prgrammes\bin\yarn.js add react-native-sticky-parallax-header

PATH: 
  C:\Windows\system32;C:\Windows;C:\Windows\System32\Wbem;C:\Windows\System32\WindowsPowerShell\v1.0\;C:\Windows\System32\OpenSSH\;C:\Program Files\NVIDIA Corporation\NVIDIA NvDLISR;C:\Program Files (x86)\NVIDIA Corporation\PhysX\Common;C:\Program Files\Git\cmd;E:\Prgrammes\Putty\;E:\Prgrammes\nodejs\;C:\Program Files\nodejs\;C:\WINDOWS\system32;C:\WINDOWS;C:\WINDOWS\System32\Wbem;C:\WINDOWS\System32\WindowsPowerShell\v1.0\;C:\WINDOWS\System32\OpenSSH\;E:\Users\Lounes\AppData\Local\Android\Sdk\platform-tools;E:\Prgrammes\bin\;C:\Users\loune\AppData\Local\Programs\Python\Python37-32\Scripts\;C:\Users\loune\AppData\Local\Programs\Python\Python37-32\;C:\Users\loune\AppData\Local\Microsoft\WindowsApps;C:\Users\loune\AppData\Local\Programs\Microsoft VS Code\bin;C:\Users\loune\AppData\Roaming\npm;C:\Program Files\nodejs;C:\Users\loune\AppData\Local\Yarn\bin

Yarn version: 
  1.19.1

Node version: 
  10.16.3

Platform: 
  win32 x64

Trace: 
  Error: connect ENOBUFS 104.16.20.35:443 - Local (undefined:undefined)
      at internalConnect (net.js:881:16)
      at defaultTriggerAsyncIdScope (internal/async_hooks.js:294:19)
      at emitLookup (net.js:1028:9)
      at E:\Prgrammes\lib\cli.js:103280:29
      at E:\Prgrammes\lib\cli.js:103126:25
      at RawTask.module.exports.RawTask.call (E:\Prgrammes\lib\cli.js:79474:19)
      at flush (E:\Prgrammes\lib\cli.js:79556:29)
      at process._tickCallback (internal/process/next_tick.js:61:11)

npm manifest: 
  {
    "main": "node_modules/expo/AppEntry.js",
    "scripts": {
      "start": "expo start",
      "android": "expo start --android",
      "ios": "expo start --ios",
      "web": "expo start --web",
      "eject": "expo eject"
    },
    "dependencies": {
      "@crowdlinker/react-native-pager": "^0.1.16",
      "axios": "^0.19.0",
      "expo": "^35.0.0",
      "moment": "^2.24.0",
      "numeral": "^2.0.6",
      "react": "16.8.3",
      "react-dom": "16.8.3",
      "react-native": "https://github.com/expo/react-native/archive/sdk-35.0.0.tar.gz",
      "react-native-gesture-handler": "~1.3.0",
      "react-native-reanimated": "^1.4.0",
      "react-native-screens": "^1.0.0-alpha.23",
      "react-native-web": "^0.11.7",
      "react-navigation": "^4.0.10",
      "react-navigation-stack": "^1.10.3",
      "react-navigation-tabs": "^2.5.6",
      "react-redux": "^7.1.1",
      "redux": "^4.0.4"
    },
    "devDependencies": {
      "babel-preset-expo": "^7.1.0"
    },
    "private": true
  }

yarn manifest: 
  No manifest

Lockfile: 
  No lockfile
